

Processing ApplicationController#index (for 127.0.0.1 at 2009-11-25 09:33:03) [GET]

ActionController::RoutingError (No route matches "/" with {:method=>:get}):
  /Users/nico/.rvm/gems/ruby/1.8.7/gems/ruby-debug-ide-0.4.9/lib/ruby-debug-ide.rb:109:in `debug_load'
  /Users/nico/.rvm/gems/ruby/1.8.7/gems/ruby-debug-ide-0.4.9/lib/ruby-debug-ide.rb:109:in `debug_program'
  /Users/nico/.rvm/gems/ruby/1.8.7/gems/ruby-debug-ide-0.4.9/bin/rdebug-ide:87
  /Users/nico/.rvm/gems/ruby/1.8.7/bin/rdebug-ide:19:in `load'
  /Users/nico/.rvm/gems/ruby/1.8.7/bin/rdebug-ide:19

Rendering rescues/layout (not_found)
/!\ FAILSAFE /!\  Wed Nov 25 09:33:35 +0100 2009
  Status: 500 Internal Server Error
  undefined method `except' for "uploads/new":String
    /Users/nico/.rvm/gems/ruby/1.8.7/gems/actionpack-2.3.3/lib/action_controller/routing/builder.rb:58:in `divide_route_options'
    /Users/nico/.rvm/gems/ruby/1.8.7/gems/actionpack-2.3.3/lib/action_controller/routing/builder.rb:166:in `build'
    /Users/nico/.rvm/gems/ruby/1.8.7/gems/actionpack-2.3.3/lib/action_controller/routing/route_set.rb:309:in `add_route'
    /Users/nico/.rvm/gems/ruby/1.8.7/gems/actionpack-2.3.3/lib/action_controller/routing/route_set.rb:317:in `add_named_route'
    /Users/nico/.rvm/gems/ruby/1.8.7/gems/actionpack-2.3.3/lib/action_controller/routing/route_set.rb:33:in `named_route'
    /Users/nico/.rvm/gems/ruby/1.8.7/gems/actionpack-2.3.3/lib/action_controller/routing/route_set.rb:29:in `root'
    /Users/nico/Rails/s3_uploader_example/config/routes.rb:3
    /Users/nico/.rvm/gems/ruby/1.8.7/gems/actionpack-2.3.3/lib/action_controller/routing/route_set.rb:226:in `draw'
    /Users/nico/Rails/s3_uploader_example/config/routes.rb:1
    /Users/nico/.rvm/gems/ruby/1.8.7/gems/activesupport-2.3.3/lib/active_support/dependencies.rb:145:in `load_without_new_constant_marking'
    /Users/nico/.rvm/gems/ruby/1.8.7/gems/activesupport-2.3.3/lib/active_support/dependencies.rb:145:in `load'
    /Users/nico/.rvm/gems/ruby/1.8.7/gems/activesupport-2.3.3/lib/active_support/dependencies.rb:521:in `new_constants_in'
    /Users/nico/.rvm/gems/ruby/1.8.7/gems/activesupport-2.3.3/lib/active_support/dependencies.rb:145:in `load'
    /Users/nico/.rvm/gems/ruby/1.8.7/gems/actionpack-2.3.3/lib/action_controller/routing/route_set.rb:286:in `load_routes!'
    /Users/nico/.rvm/gems/ruby/1.8.7/gems/actionpack-2.3.3/lib/action_controller/routing/route_set.rb:286:in `each'
    /Users/nico/.rvm/gems/ruby/1.8.7/gems/actionpack-2.3.3/lib/action_controller/routing/route_set.rb:286:in `load_routes!'
    /Users/nico/.rvm/gems/ruby/1.8.7/gems/actionpack-2.3.3/lib/action_controller/routing/route_set.rb:266:in `load!'
    /Users/nico/.rvm/gems/ruby/1.8.7/gems/actionpack-2.3.3/lib/action_controller/routing/route_set.rb:281:in `reload'
    /Users/nico/.rvm/gems/ruby/1.8.7/gems/actionpack-2.3.3/lib/action_controller/dispatcher.rb:59:in `reload_application'
    /Users/nico/.rvm/gems/ruby/1.8.7/gems/actionpack-2.3.3/lib/action_controller/reloader.rb:28:in `call'
    /Users/nico/.rvm/gems/ruby/1.8.7/gems/actionpack-2.3.3/lib/action_controller/failsafe.rb:26:in `call'
    /Users/nico/.rvm/gems/ruby/1.8.7/gems/rack-1.0.1/lib/rack/lock.rb:11:in `call'
    /Users/nico/.rvm/gems/ruby/1.8.7/gems/rack-1.0.1/lib/rack/lock.rb:11:in `synchronize'
    /Users/nico/.rvm/gems/ruby/1.8.7/gems/rack-1.0.1/lib/rack/lock.rb:11:in `call'
    /Users/nico/.rvm/gems/ruby/1.8.7/gems/actionpack-2.3.3/lib/action_controller/dispatcher.rb:106:in `call'
    /Users/nico/.rvm/gems/ruby/1.8.7/gems/rails-2.3.3/lib/rails/rack/static.rb:31:in `call'
    /Users/nico/.rvm/gems/ruby/1.8.7/gems/rack-1.0.1/lib/rack/urlmap.rb:46:in `call'
    /Users/nico/.rvm/gems/ruby/1.8.7/gems/rack-1.0.1/lib/rack/urlmap.rb:40:in `each'
    /Users/nico/.rvm/gems/ruby/1.8.7/gems/rack-1.0.1/lib/rack/urlmap.rb:40:in `call'
    /Users/nico/.rvm/gems/ruby/1.8.7/gems/rails-2.3.3/lib/rails/rack/log_tailer.rb:17:in `call'
    /Users/nico/.rvm/gems/ruby/1.8.7/gems/rack-1.0.1/lib/rack/content_length.rb:13:in `call'
    /Users/nico/.rvm/gems/ruby/1.8.7/gems/rack-1.0.1/lib/rack/chunked.rb:15:in `call'
    /Users/nico/.rvm/gems/ruby/1.8.7/gems/rack-1.0.1/lib/rack/handler/mongrel.rb:64:in `process'
    /Users/nico/.rvm/gems/ruby/1.8.7/gems/mongrel-1.1.5/lib/mongrel.rb:159:in `process_client'
    /Users/nico/.rvm/gems/ruby/1.8.7/gems/mongrel-1.1.5/lib/mongrel.rb:158:in `each'
    /Users/nico/.rvm/gems/ruby/1.8.7/gems/mongrel-1.1.5/lib/mongrel.rb:158:in `process_client'
    /Users/nico/.rvm/gems/ruby/1.8.7/gems/mongrel-1.1.5/lib/mongrel.rb:285:in `run'
    /Users/nico/.rvm/gems/ruby/1.8.7/gems/mongrel-1.1.5/lib/mongrel.rb:285:in `initialize'
    /Users/nico/.rvm/gems/ruby/1.8.7/gems/mongrel-1.1.5/lib/mongrel.rb:285:in `new'
    /Users/nico/.rvm/gems/ruby/1.8.7/gems/mongrel-1.1.5/lib/mongrel.rb:285:in `run'
    /Users/nico/.rvm/gems/ruby/1.8.7/gems/mongrel-1.1.5/lib/mongrel.rb:268:in `initialize'
    /Users/nico/.rvm/gems/ruby/1.8.7/gems/mongrel-1.1.5/lib/mongrel.rb:268:in `new'
    /Users/nico/.rvm/gems/ruby/1.8.7/gems/mongrel-1.1.5/lib/mongrel.rb:268:in `run'
    /Users/nico/.rvm/gems/ruby/1.8.7/gems/rack-1.0.1/lib/rack/handler/mongrel.rb:34:in `run'
    /Users/nico/.rvm/gems/ruby/1.8.7/gems/rails-2.3.3/lib/commands/server.rb:111
    /Users/nico/.rvm/ruby-1.8.7-p174/lib/ruby/site_ruby/1.8/rubygems/custom_require.rb:31:in `gem_original_require'
    /Users/nico/.rvm/ruby-1.8.7-p174/lib/ruby/site_ruby/1.8/rubygems/custom_require.rb:31:in `require'
    ./script/server:3
    /Users/nico/.rvm/gems/ruby/1.8.7/gems/ruby-debug-ide-0.4.9/lib/ruby-debug-ide.rb:109:in `debug_load'
    /Users/nico/.rvm/gems/ruby/1.8.7/gems/ruby-debug-ide-0.4.9/lib/ruby-debug-ide.rb:109:in `debug_program'
    /Users/nico/.rvm/gems/ruby/1.8.7/gems/ruby-debug-ide-0.4.9/bin/rdebug-ide:87
    /Users/nico/.rvm/gems/ruby/1.8.7/bin/rdebug-ide:19:in `load'
    /Users/nico/.rvm/gems/ruby/1.8.7/bin/rdebug-ide:19


Processing ApplicationController#index (for 127.0.0.1 at 2009-11-25 09:33:38) [GET]

ActionController::RoutingError (No route matches "/" with {:method=>:get}):
  /Users/nico/.rvm/gems/ruby/1.8.7/gems/ruby-debug-ide-0.4.9/lib/ruby-debug-ide.rb:109:in `debug_load'
  /Users/nico/.rvm/gems/ruby/1.8.7/gems/ruby-debug-ide-0.4.9/lib/ruby-debug-ide.rb:109:in `debug_program'
  /Users/nico/.rvm/gems/ruby/1.8.7/gems/ruby-debug-ide-0.4.9/bin/rdebug-ide:87
  /Users/nico/.rvm/gems/ruby/1.8.7/bin/rdebug-ide:19:in `load'
  /Users/nico/.rvm/gems/ruby/1.8.7/bin/rdebug-ide:19

Rendering rescues/layout (not_found)


Processing ApplicationController#index (for 127.0.0.1 at 2009-11-25 09:33:39) [GET]

ActionController::RoutingError (No route matches "/" with {:method=>:get}):
  /Users/nico/.rvm/gems/ruby/1.8.7/gems/ruby-debug-ide-0.4.9/lib/ruby-debug-ide.rb:109:in `debug_load'
  /Users/nico/.rvm/gems/ruby/1.8.7/gems/ruby-debug-ide-0.4.9/lib/ruby-debug-ide.rb:109:in `debug_program'
  /Users/nico/.rvm/gems/ruby/1.8.7/gems/ruby-debug-ide-0.4.9/bin/rdebug-ide:87
  /Users/nico/.rvm/gems/ruby/1.8.7/bin/rdebug-ide:19:in `load'
  /Users/nico/.rvm/gems/ruby/1.8.7/bin/rdebug-ide:19

Rendering rescues/layout (not_found)


Processing UploadsController#new (for 127.0.0.1 at 2009-11-25 09:35:05) [GET]
Rendering uploads/new

ActionView::TemplateError (undefined method `javascript' for #<ActionView::Base:0x101193488>) on line #1 of app/views/uploads/new.erb:
1: <%- javascript( ) %>
2: 
3: <% %>

    app/views/uploads/new.erb:1

Rendered rescues/_trace (52.2ms)
Rendered rescues/_request_and_response (1.8ms)
Rendering rescues/layout (internal_server_error)


Processing UploadsController#new (for 127.0.0.1 at 2009-11-25 09:35:24) [GET]

ActionController::UnknownAction (No action responded to new. Actions: ):
  

Rendering rescues/layout (not_found)


Processing UploadsController#new (for 127.0.0.1 at 2009-11-25 09:35:26) [GET]

ActionController::UnknownAction (No action responded to new. Actions: ):
  

Rendering rescues/layout (not_found)


Processing UploadsController#new (for 127.0.0.1 at 2009-11-25 09:35:43) [GET]

ActionView::MissingTemplate (Missing template uploads/new.erb in view path app/views):
  

Rendering rescues/layout (internal_server_error)


Processing UploadsController#new (for 127.0.0.1 at 2009-11-25 09:36:39) [GET]

ActionController::UnknownAction (No action responded to new. Actions: ):
  

Rendering rescues/layout (not_found)


Processing UploadsController#new (for 127.0.0.1 at 2009-11-25 09:37:03) [GET]
Rendering uploads/new
Completed in 134ms (View: 132, DB: 0) | 200 OK [http://localhost/]


Processing UploadsController#new (for 127.0.0.1 at 2009-11-25 09:38:27) [GET]
Rendering uploads/new
Completed in 5ms (View: 2, DB: 0) | 200 OK [http://localhost/]


Processing ApplicationController#index (for 127.0.0.1 at 2009-11-25 09:38:48) [GET]

ActionController::RoutingError (No route matches "/none" with {:method=>:get}):
  /Users/nico/.rvm/gems/ruby/1.8.7/gems/ruby-debug-ide-0.4.9/lib/ruby-debug-ide.rb:109:in `debug_load'
  /Users/nico/.rvm/gems/ruby/1.8.7/gems/ruby-debug-ide-0.4.9/lib/ruby-debug-ide.rb:109:in `debug_program'
  /Users/nico/.rvm/gems/ruby/1.8.7/gems/ruby-debug-ide-0.4.9/bin/rdebug-ide:87
  /Users/nico/.rvm/gems/ruby/1.8.7/bin/rdebug-ide:19:in `load'
  /Users/nico/.rvm/gems/ruby/1.8.7/bin/rdebug-ide:19

Rendering rescues/layout (not_found)


Processing ApplicationController#index (for 127.0.0.1 at 2009-11-25 09:38:48) [GET]

ActionController::RoutingError (No route matches "/none" with {:method=>:get}):
  /Users/nico/.rvm/gems/ruby/1.8.7/gems/ruby-debug-ide-0.4.9/lib/ruby-debug-ide.rb:109:in `debug_load'
  /Users/nico/.rvm/gems/ruby/1.8.7/gems/ruby-debug-ide-0.4.9/lib/ruby-debug-ide.rb:109:in `debug_program'
  /Users/nico/.rvm/gems/ruby/1.8.7/gems/ruby-debug-ide-0.4.9/bin/rdebug-ide:87
  /Users/nico/.rvm/gems/ruby/1.8.7/bin/rdebug-ide:19:in `load'
  /Users/nico/.rvm/gems/ruby/1.8.7/bin/rdebug-ide:19

Rendering rescues/layout (not_found)


Processing UploadsController#new (for 127.0.0.1 at 2009-11-25 09:41:25) [GET]
Rendering uploads/new
Completed in 12ms (View: 9, DB: 0) | 200 OK [http://localhost/]


Processing ApplicationController#index (for 127.0.0.1 at 2009-11-25 09:41:29) [GET]

ActionController::RoutingError (No route matches "/none" with {:method=>:get}):
  /Users/nico/.rvm/gems/ruby/1.8.7/gems/ruby-debug-ide-0.4.9/lib/ruby-debug-ide.rb:109:in `debug_load'
  /Users/nico/.rvm/gems/ruby/1.8.7/gems/ruby-debug-ide-0.4.9/lib/ruby-debug-ide.rb:109:in `debug_program'
  /Users/nico/.rvm/gems/ruby/1.8.7/gems/ruby-debug-ide-0.4.9/bin/rdebug-ide:87
  /Users/nico/.rvm/gems/ruby/1.8.7/bin/rdebug-ide:19:in `load'
  /Users/nico/.rvm/gems/ruby/1.8.7/bin/rdebug-ide:19

Rendering rescues/layout (not_found)


Processing ApplicationController#index (for 127.0.0.1 at 2009-11-25 09:41:30) [GET]

ActionController::RoutingError (No route matches "/none" with {:method=>:get}):
  /Users/nico/.rvm/gems/ruby/1.8.7/gems/ruby-debug-ide-0.4.9/lib/ruby-debug-ide.rb:109:in `debug_load'
  /Users/nico/.rvm/gems/ruby/1.8.7/gems/ruby-debug-ide-0.4.9/lib/ruby-debug-ide.rb:109:in `debug_program'
  /Users/nico/.rvm/gems/ruby/1.8.7/gems/ruby-debug-ide-0.4.9/bin/rdebug-ide:87
  /Users/nico/.rvm/gems/ruby/1.8.7/bin/rdebug-ide:19:in `load'
  /Users/nico/.rvm/gems/ruby/1.8.7/bin/rdebug-ide:19

Rendering rescues/layout (not_found)


Processing UploadsController#new (for 127.0.0.1 at 2009-11-25 09:42:31) [GET]
Rendering uploads/new
Completed in 5ms (View: 3, DB: 0) | 200 OK [http://localhost/]


Processing UploadsController#new (for 127.0.0.1 at 2009-11-25 09:42:50) [GET]
Rendering uploads/new
Completed in 5ms (View: 3, DB: 0) | 200 OK [http://localhost/]


Processing UploadsController#new (for 127.0.0.1 at 2009-11-25 09:49:46) [GET]
Rendering uploads/new
Completed in 55ms (View: 52, DB: 0) | 200 OK [http://localhost/]


Processing UploadsController#new (for 127.0.0.1 at 2009-11-25 09:51:31) [GET]
Rendering uploads/new
Completed in 5ms (View: 3, DB: 0) | 200 OK [http://localhost/]


Processing UploadsController#new (for 127.0.0.1 at 2009-11-25 09:52:03) [GET]
Rendering uploads/new
Completed in 51ms (View: 49, DB: 0) | 200 OK [http://localhost/]


Processing UploadsController#new (for 127.0.0.1 at 2009-11-25 09:55:46) [GET]
Rendering uploads/new
Completed in 10ms (View: 8, DB: 0) | 200 OK [http://localhost/]


Processing UploadsController#new (for 127.0.0.1 at 2009-11-25 09:57:46) [GET]
Rendering uploads/new
Completed in 57ms (View: 54, DB: 0) | 200 OK [http://localhost/]


Processing UploadsController#new (for 127.0.0.1 at 2009-11-25 09:59:10) [GET]
Rendering uploads/new
Completed in 11ms (View: 9, DB: 0) | 200 OK [http://localhost/]


Processing UploadsController#new (for 127.0.0.1 at 2009-11-25 10:00:58) [GET]
Rendering uploads/new
Completed in 11ms (View: 9, DB: 0) | 200 OK [http://localhost/]


Processing UploadsController#new (for 127.0.0.1 at 2009-11-25 12:56:43) [GET]
Rendering uploads/new
Completed in 5ms (View: 3, DB: 0) | 200 OK [http://localhost/]


Processing UploadsController#new (for 127.0.0.1 at 2009-11-25 12:56:44) [GET]
Rendering uploads/new
Completed in 4ms (View: 3, DB: 0) | 200 OK [http://localhost/]


Processing UploadsController#new (for 127.0.0.1 at 2009-11-25 12:58:22) [GET]
Rendering uploads/new
Completed in 145ms (View: 143, DB: 0) | 200 OK [http://localhost/]


Processing UploadsController#new (for 127.0.0.1 at 2009-11-25 13:01:48) [GET]
Rendering uploads/new
Completed in 42ms (View: 40, DB: 0) | 200 OK [http://localhost/]


Processing UploadsController#new (for 127.0.0.1 at 2009-11-25 13:02:45) [GET]
Rendering uploads/new
Completed in 54ms (View: 52, DB: 0) | 200 OK [http://localhost/]


Processing UploadsController#new (for 127.0.0.1 at 2009-11-25 13:14:13) [GET]
Rendering uploads/new
Completed in 56ms (View: 53, DB: 0) | 200 OK [http://localhost/]


Processing UploadsController#new (for 127.0.0.1 at 2009-11-25 13:14:38) [GET]
Rendering uploads/new
Completed in 6ms (View: 4, DB: 0) | 200 OK [http://localhost/]


Processing UploadsController#new (for 127.0.0.1 at 2010-11-18 19:17:08) [GET]
Rendering uploads/new
Completed in 81ms (View: 79, DB: 0) | 200 OK [http://localhost/]


Processing UploadsController#new (for 127.0.0.1 at 2010-11-18 19:29:30) [GET]
Rendering uploads/new

ActionView::TemplateError (You have a nil object when you didn't expect it!
You might have expected an instance of ActiveRecord::Base.
The error occurred while evaluating nil.[]) on line #18 of app/views/uploads/new.haml:
15:     %meta{ 'http-equiv' => 'Content-Type', :content => 'text/html; charset=utf-8'}
16: 
17:   %body
18:     = s3_uploader :key => "test", :max_filesize => 5.megabytes

    app/helpers/uploads_helper.rb:130:in `s3_uploader'
    app/views/uploads/new.haml:18:in `_run_haml_app47views47uploads47new46haml'
    haml (3.0.23) rails/./lib/haml/helpers/action_view_mods.rb:13:in `render'
    haml (3.0.23) rails/./lib/sass/plugin/rack.rb:41:in `call'
    /Users/nico/.rvm/gems/ruby-1.8.7-p302/gems/ruby-debug-ide-0.4.7/lib/ruby-debug.rb:109:in `debug_load'
    /Users/nico/.rvm/gems/ruby-1.8.7-p302/gems/ruby-debug-ide-0.4.7/lib/ruby-debug.rb:109:in `debug_program'
    /Users/nico/.rvm/gems/ruby-1.8.7-p302/gems/ruby-debug-ide-0.4.7/bin/rdebug-ide:87
    /Users/nico/.rvm/gems/ruby-1.8.7-p302/bin/rdebug-ide:19:in `load'
    /Users/nico/.rvm/gems/ruby-1.8.7-p302/bin/rdebug-ide:19

Rendered rescues/_trace (74.7ms)
Rendered rescues/_request_and_response (1.5ms)
Rendering rescues/layout (internal_server_error)


Processing UploadsController#new (for 127.0.0.1 at 2010-11-18 19:30:09) [GET]
Rendering uploads/new

ActionView::TemplateError (You have a nil object when you didn't expect it!
You might have expected an instance of ActiveRecord::Base.
The error occurred while evaluating nil.[]) on line #18 of app/views/uploads/new.haml:
15:     %meta{ 'http-equiv' => 'Content-Type', :content => 'text/html; charset=utf-8'}
16: 
17:   %body
18:     = s3_uploader :key => "test", :max_filesize => 5.megabytes

    app/helpers/uploads_helper.rb:11:in `s3_uploader'
    app/views/uploads/new.haml:18:in `_run_haml_app47views47uploads47new46haml'
    haml (3.0.23) rails/./lib/haml/helpers/action_view_mods.rb:13:in `render'
    haml (3.0.23) rails/./lib/sass/plugin/rack.rb:41:in `call'
    /Users/nico/.rvm/gems/ruby-1.8.7-p302/gems/ruby-debug-ide-0.4.7/lib/ruby-debug.rb:109:in `debug_load'
    /Users/nico/.rvm/gems/ruby-1.8.7-p302/gems/ruby-debug-ide-0.4.7/lib/ruby-debug.rb:109:in `debug_program'
    /Users/nico/.rvm/gems/ruby-1.8.7-p302/gems/ruby-debug-ide-0.4.7/bin/rdebug-ide:87
    /Users/nico/.rvm/gems/ruby-1.8.7-p302/bin/rdebug-ide:19:in `load'
    /Users/nico/.rvm/gems/ruby-1.8.7-p302/bin/rdebug-ide:19

Rendered rescues/_trace (152.5ms)
Rendered rescues/_request_and_response (0.3ms)
Rendering rescues/layout (internal_server_error)


Processing UploadsController#new (for 127.0.0.1 at 2010-11-18 19:31:23) [GET]
Rendering uploads/new
Completed in 43ms (View: 42, DB: 0) | 200 OK [http://localhost/]


Processing UploadsController#new (for 127.0.0.1 at 2010-11-18 19:31:44) [GET]
Rendering uploads/new
Completed in 5ms (View: 3, DB: 0) | 200 OK [http://localhost/]


Processing UploadsController#new (for 127.0.0.1 at 2010-11-18 19:33:30) [GET]
Rendering uploads/new
Completed in 6ms (View: 4, DB: 0) | 200 OK [http://localhost/]


Processing UploadsController#new (for 127.0.0.1 at 2010-11-18 19:36:00) [GET]
Rendering uploads/new
Completed in 5ms (View: 3, DB: 0) | 200 OK [http://localhost/]


Processing UploadsController#new (for 127.0.0.1 at 2010-11-18 19:36:06) [GET]
Rendering uploads/new
Completed in 5ms (View: 3, DB: 0) | 200 OK [http://localhost/]


Processing UploadsController#new (for 127.0.0.1 at 2010-11-18 19:36:20) [GET]
Rendering uploads/new
Completed in 5ms (View: 3, DB: 0) | 200 OK [http://localhost/]


Processing UploadsController#new (for 127.0.0.1 at 2010-11-18 19:36:27) [GET]
Rendering uploads/new
Completed in 5ms (View: 3, DB: 0) | 200 OK [http://localhost/]


Processing UploadsController#new (for 127.0.0.1 at 2010-11-18 19:36:29) [GET]
Rendering uploads/new
Completed in 5ms (View: 3, DB: 0) | 200 OK [http://localhost/]


Processing UploadsController#new (for 127.0.0.1 at 2010-11-18 19:36:48) [GET]
Rendering uploads/new
ERROR: compiling _run_haml_app47views47uploads47new46haml RAISED compile error
/Users/nico/Rails/s3_uploader_example/app/views/uploads/new.haml:16: syntax error, unexpected ',', expecting ')'
...t_include_tag(( 'mootools.js', 'fancyupload/source/Fx.Progre...
                              ^
/Users/nico/Rails/s3_uploader_example/app/views/uploads/new.haml:16: syntax error, unexpected ',', expecting ')'
...upload/source/Fx.ProgressBar', 'fancyupload/source/Swiff.Upl...
                              ^
/Users/nico/Rails/s3_uploader_example/app/views/uploads/new.haml:16: syntax error, unexpected ',', expecting ')'
...upload/source/Swiff.Uploader', 'fancyupload/source/FancyUplo...
                              ^
/Users/nico/Rails/s3_uploader_example/app/views/uploads/new.haml:16: syntax error, unexpected ',', expecting ')'
...d/source/FancyUpload3.Attach', 'fancyupload/source/FancyUplo...
                              ^
/Users/nico/Rails/s3_uploader_example/app/views/uploads/new.haml:17: syntax error, unexpected ';', expecting ')'
));}\n    <meta content='text/htm...
   ^
/Users/nico/Rails/s3_uploader_example/app/views/uploads/new.haml:17: syntax error, unexpected tIDENTIFIER, expecting kDO or '{' or '('
));}\n    <meta content='text/html; charset=utf-8' ht...
                       ^
/Users/nico/Rails/s3_uploader_example/app/views/uploads/new.haml:17: syntax error, unexpected tIDENTIFIER, expecting '}'
...text/html; charset=utf-8' http-equiv='Content-Type' />\n  </...
                              ^
/Users/nico/Rails/s3_uploader_example/app/views/uploads/new.haml:17: syntax error, unexpected '>'
...' http-equiv='Content-Type' />\n  </head>\n  <body>\n    #{
                              ^
/Users/nico/Rails/s3_uploader_example/app/views/uploads/new.haml:20: unknown regexp options - bdy
/Users/nico/Rails/s3_uploader_example/app/views/uploads/new.haml:20: syntax error, unexpected $undefined
));}\n  </body>\n</html>\n", -2, false);_erbou...
                ^
/Users/nico/Rails/s3_uploader_example/app/views/uploads/new.haml:20: unterminated string meets end of file
/Users/nico/Rails/s3_uploader_example/app/views/uploads/new.haml:20: syntax error, unexpected tSTRING_END, expecting tSTRING_CONTENT or tREGEXP_END or tSTRING_DBEG or tSTRING_DVAR
Function body:           def _run_haml_app47views47uploads47new46haml(local_assigns)
            old_output_buffer = output_buffer;;begin;extend Haml::Helpers;_hamlout = @haml_buffer = Haml::Buffer.new(@haml_buffer, {:escape_html=>false, :ugly=>false, :preserve=>["textarea", "pre", "code"], :format=>:xhtml, :attr_wrapper=>"'", :encoding=>nil, :autoclose=>["meta", "img", "link", "br", "hr", "input", "area", "param", "col", "base"]});_erbout = _hamlout.buffer;__in_erb_template = true;;_hamlout.push_text("<!DOCTYPE html PUBLIC \"-//W3C//DTD XHTML 1.0 Strict//EN\" \"http://www.w3.org/TR/xhtml1/DTD/xhtml1-strict.dtd\">\n", 0, false);
_hamlout.open_tag("html", false, false, false, false, {}, false, false, nil, nil, html_attrs('de-de'));_hamlout.push_text("  <head>\n    <title>#{



_hamlout.adjust_tabs(2); _hamlout.format_script_false_true_false_false_false_true_false(("S3 Uploader Test App"
));}</title>\n    #{







_hamlout.format_script_false_false_false_false_false_true_false(( stylesheet_link_tag "styles"
));}\n    #{_hamlout.format_script_false_false_false_false_false_true_false(( javascript_include_tag(( 'mootools.js', 'fancyupload/source/Fx.ProgressBar', 'fancyupload/source/Swiff.Uploader', 'fancyupload/source/FancyUpload3.Attach', 'fancyupload/source/FancyUpload3.S3Uploader')
));}\n    <meta content='text/html; charset=utf-8' http-equiv='Content-Type' />\n  </head>\n  <body>\n    #{

_hamlout.format_script_false_false_false_false_false_true_false(( s3_uploader :key => "test", :max_filesize => 5.megabytes
));}\n  </body>\n</html>\n", -2, false);_erbout;ensure;@haml_buffer = @haml_buffer.upper;end;
          ensure
            self.output_buffer = old_output_buffer
          end
Backtrace: /Users/nico/Rails/s3_uploader_example/app/views/uploads/new.haml:20:in `compile!'
/Users/nico/.rvm/gems/ruby-1.8.7-p302/gems/actionpack-2.3.8/lib/action_view/renderable.rb:61:in `compile'
/Users/nico/.rvm/gems/ruby-1.8.7-p302/gems/actionpack-2.3.8/lib/action_view/renderable.rb:28:in `render'
/Users/nico/.rvm/gems/ruby-1.8.7-p302/gems/actionpack-2.3.8/lib/action_view/template.rb:205:in `render_template'
/Users/nico/.rvm/gems/ruby-1.8.7-p302/gems/actionpack-2.3.8/lib/action_view/base.rb:265:in `render_without_haml'
/Users/nico/.rvm/gems/ruby-1.8.7-p302/gems/haml-3.0.23/rails/../lib/haml/helpers/action_view_mods.rb:13:in `render'
/Users/nico/.rvm/gems/ruby-1.8.7-p302/gems/actionpack-2.3.8/lib/action_controller/base.rb:1250:in `render_for_file'
/Users/nico/.rvm/gems/ruby-1.8.7-p302/gems/actionpack-2.3.8/lib/action_controller/base.rb:936:in `render_without_benchmark'
/Users/nico/.rvm/gems/ruby-1.8.7-p302/gems/actionpack-2.3.8/lib/action_controller/benchmarking.rb:51:in `render'
/Users/nico/.rvm/gems/ruby-1.8.7-p302/gems/activesupport-2.3.8/lib/active_support/core_ext/benchmark.rb:17:in `ms'
/Users/nico/.rvm/rubies/ruby-1.8.7-p302/lib/ruby/1.8/benchmark.rb:308:in `realtime'
/Users/nico/.rvm/gems/ruby-1.8.7-p302/gems/activesupport-2.3.8/lib/active_support/core_ext/benchmark.rb:17:in `ms'
/Users/nico/.rvm/gems/ruby-1.8.7-p302/gems/actionpack-2.3.8/lib/action_controller/benchmarking.rb:51:in `render'
/Users/nico/.rvm/gems/ruby-1.8.7-p302/gems/actionpack-2.3.8/lib/action_controller/base.rb:1326:in `default_render'
/Users/nico/.rvm/gems/ruby-1.8.7-p302/gems/actionpack-2.3.8/lib/action_controller/base.rb:1338:in `perform_action_without_filters'
/Users/nico/.rvm/gems/ruby-1.8.7-p302/gems/actionpack-2.3.8/lib/action_controller/filters.rb:617:in `call_filters'
/Users/nico/.rvm/gems/ruby-1.8.7-p302/gems/actionpack-2.3.8/lib/action_controller/filters.rb:610:in `perform_action_without_benchmark'
/Users/nico/.rvm/gems/ruby-1.8.7-p302/gems/actionpack-2.3.8/lib/action_controller/benchmarking.rb:68:in `perform_action_without_rescue'
/Users/nico/.rvm/gems/ruby-1.8.7-p302/gems/activesupport-2.3.8/lib/active_support/core_ext/benchmark.rb:17:in `ms'
/Users/nico/.rvm/rubies/ruby-1.8.7-p302/lib/ruby/1.8/benchmark.rb:308:in `realtime'
/Users/nico/.rvm/gems/ruby-1.8.7-p302/gems/activesupport-2.3.8/lib/active_support/core_ext/benchmark.rb:17:in `ms'
/Users/nico/.rvm/gems/ruby-1.8.7-p302/gems/actionpack-2.3.8/lib/action_controller/benchmarking.rb:68:in `perform_action_without_rescue'
/Users/nico/.rvm/gems/ruby-1.8.7-p302/gems/actionpack-2.3.8/lib/action_controller/rescue.rb:160:in `perform_action_without_flash'
/Users/nico/.rvm/gems/ruby-1.8.7-p302/gems/actionpack-2.3.8/lib/action_controller/flash.rb:151:in `perform_action'
/Users/nico/.rvm/gems/ruby-1.8.7-p302/gems/actionpack-2.3.8/lib/action_controller/base.rb:532:in `send'
/Users/nico/.rvm/gems/ruby-1.8.7-p302/gems/actionpack-2.3.8/lib/action_controller/base.rb:532:in `process_without_filters'
/Users/nico/.rvm/gems/ruby-1.8.7-p302/gems/actionpack-2.3.8/lib/action_controller/filters.rb:606:in `process'
/Users/nico/.rvm/gems/ruby-1.8.7-p302/gems/actionpack-2.3.8/lib/action_controller/base.rb:391:in `process'
/Users/nico/.rvm/gems/ruby-1.8.7-p302/gems/actionpack-2.3.8/lib/action_controller/base.rb:386:in `call'
/Users/nico/.rvm/gems/ruby-1.8.7-p302/gems/actionpack-2.3.8/lib/action_controller/routing/route_set.rb:438:in `call'
/Users/nico/.rvm/gems/ruby-1.8.7-p302/gems/actionpack-2.3.8/lib/action_controller/dispatcher.rb:87:in `dispatch'
/Users/nico/.rvm/gems/ruby-1.8.7-p302/gems/actionpack-2.3.8/lib/action_controller/dispatcher.rb:121:in `_call'
/Users/nico/.rvm/gems/ruby-1.8.7-p302/gems/actionpack-2.3.8/lib/action_controller/dispatcher.rb:130:in `build_middleware_stack'
/Users/nico/.rvm/gems/ruby-1.8.7-p302/gems/activerecord-2.3.8/lib/active_record/query_cache.rb:29:in `call'
/Users/nico/.rvm/gems/ruby-1.8.7-p302/gems/activerecord-2.3.8/lib/active_record/query_cache.rb:29:in `call'
/Users/nico/.rvm/gems/ruby-1.8.7-p302/gems/activerecord-2.3.8/lib/active_record/connection_adapters/abstract/query_cache.rb:34:in `cache'
/Users/nico/.rvm/gems/ruby-1.8.7-p302/gems/activerecord-2.3.8/lib/active_record/query_cache.rb:9:in `cache'
/Users/nico/.rvm/gems/ruby-1.8.7-p302/gems/activerecord-2.3.8/lib/active_record/query_cache.rb:28:in `call'
/Users/nico/.rvm/gems/ruby-1.8.7-p302/gems/activerecord-2.3.8/lib/active_record/connection_adapters/abstract/connection_pool.rb:361:in `call'
/Users/nico/.rvm/gems/ruby-1.8.7-p302/gems/haml-3.0.23/rails/../lib/sass/plugin/rack.rb:41:in `call'
/Users/nico/.rvm/gems/ruby-1.8.7-p302/gems/actionpack-2.3.8/lib/action_controller/string_coercion.rb:25:in `call'
/Users/nico/.rvm/gems/ruby-1.8.7-p302/gems/rack-1.1.0/lib/rack/head.rb:9:in `call'
/Users/nico/.rvm/gems/ruby-1.8.7-p302/gems/rack-1.1.0/lib/rack/methodoverride.rb:24:in `call'
/Users/nico/.rvm/gems/ruby-1.8.7-p302/gems/actionpack-2.3.8/lib/action_controller/params_parser.rb:15:in `call'
/Users/nico/.rvm/gems/ruby-1.8.7-p302/gems/actionpack-2.3.8/lib/action_controller/session/cookie_store.rb:99:in `call'
/Users/nico/.rvm/gems/ruby-1.8.7-p302/gems/actionpack-2.3.8/lib/action_controller/failsafe.rb:26:in `call'
/Users/nico/.rvm/gems/ruby-1.8.7-p302/gems/rack-1.1.0/lib/rack/lock.rb:11:in `call'
/Users/nico/.rvm/gems/ruby-1.8.7-p302/gems/rack-1.1.0/lib/rack/lock.rb:11:in `synchronize'
/Users/nico/.rvm/gems/ruby-1.8.7-p302/gems/rack-1.1.0/lib/rack/lock.rb:11:in `call'
/Users/nico/.rvm/gems/ruby-1.8.7-p302/gems/actionpack-2.3.8/lib/action_controller/dispatcher.rb:114:in `call'
/Users/nico/.rvm/gems/ruby-1.8.7-p302/gems/actionpack-2.3.8/lib/action_controller/reloader.rb:34:in `run'
/Users/nico/.rvm/gems/ruby-1.8.7-p302/gems/actionpack-2.3.8/lib/action_controller/dispatcher.rb:108:in `call'
/Users/nico/.rvm/gems/ruby-1.8.7-p302/gems/rails-2.3.8/lib/rails/rack/static.rb:31:in `call'
/Users/nico/.rvm/gems/ruby-1.8.7-p302/gems/rack-1.1.0/lib/rack/urlmap.rb:47:in `call'
/Users/nico/.rvm/gems/ruby-1.8.7-p302/gems/rack-1.1.0/lib/rack/urlmap.rb:41:in `each'
/Users/nico/.rvm/gems/ruby-1.8.7-p302/gems/rack-1.1.0/lib/rack/urlmap.rb:41:in `call'
/Users/nico/.rvm/gems/ruby-1.8.7-p302/gems/rails-2.3.8/lib/rails/rack/log_tailer.rb:17:in `call'
/Users/nico/.rvm/gems/ruby-1.8.7-p302/gems/rack-1.1.0/lib/rack/content_length.rb:13:in `call'
/Users/nico/.rvm/gems/ruby-1.8.7-p302/gems/rack-1.1.0/lib/rack/chunked.rb:15:in `call'
/Users/nico/.rvm/gems/ruby-1.8.7-p302/gems/rack-1.1.0/lib/rack/handler/mongrel.rb:67:in `process'
/Users/nico/.rvm/gems/ruby-1.8.7-p302/gems/mongrel-1.1.5/lib/mongrel.rb:159:in `process_client'
/Users/nico/.rvm/gems/ruby-1.8.7-p302/gems/mongrel-1.1.5/lib/mongrel.rb:158:in `each'
/Users/nico/.rvm/gems/ruby-1.8.7-p302/gems/mongrel-1.1.5/lib/mongrel.rb:158:in `process_client'
/Users/nico/.rvm/gems/ruby-1.8.7-p302/gems/mongrel-1.1.5/lib/mongrel.rb:285:in `run'
/Users/nico/.rvm/gems/ruby-1.8.7-p302/gems/mongrel-1.1.5/lib/mongrel.rb:285:in `initialize'
/Users/nico/.rvm/gems/ruby-1.8.7-p302/gems/mongrel-1.1.5/lib/mongrel.rb:285:in `new'
/Users/nico/.rvm/gems/ruby-1.8.7-p302/gems/mongrel-1.1.5/lib/mongrel.rb:285:in `run'
/Users/nico/.rvm/gems/ruby-1.8.7-p302/gems/mongrel-1.1.5/lib/mongrel.rb:268:in `initialize'
/Users/nico/.rvm/gems/ruby-1.8.7-p302/gems/mongrel-1.1.5/lib/mongrel.rb:268:in `new'
/Users/nico/.rvm/gems/ruby-1.8.7-p302/gems/mongrel-1.1.5/lib/mongrel.rb:268:in `run'
/Users/nico/.rvm/gems/ruby-1.8.7-p302/gems/rack-1.1.0/lib/rack/handler/mongrel.rb:38:in `run'
/Users/nico/.rvm/gems/ruby-1.8.7-p302/gems/rails-2.3.8/lib/commands/server.rb:111
/Users/nico/.rvm/rubies/ruby-1.8.7-p302/lib/ruby/site_ruby/1.8/rubygems/custom_require.rb:31:in `gem_original_require'
/Users/nico/.rvm/rubies/ruby-1.8.7-p302/lib/ruby/site_ruby/1.8/rubygems/custom_require.rb:31:in `require'
./script/server:3
/Users/nico/.rvm/gems/ruby-1.8.7-p302/gems/ruby-debug-ide-0.4.7/lib/ruby-debug.rb:109:in `debug_load'
/Users/nico/.rvm/gems/ruby-1.8.7-p302/gems/ruby-debug-ide-0.4.7/lib/ruby-debug.rb:109:in `debug_program'
/Users/nico/.rvm/gems/ruby-1.8.7-p302/gems/ruby-debug-ide-0.4.7/bin/rdebug-ide:87
/Users/nico/.rvm/gems/ruby-1.8.7-p302/bin/rdebug-ide:19:in `load'
/Users/nico/.rvm/gems/ruby-1.8.7-p302/bin/rdebug-ide:19

ActionView::TemplateError (compile error
/Users/nico/Rails/s3_uploader_example/app/views/uploads/new.haml:16: syntax error, unexpected ',', expecting ')'
...t_include_tag(( 'mootools.js', 'fancyupload/source/Fx.Progre...
                              ^
/Users/nico/Rails/s3_uploader_example/app/views/uploads/new.haml:16: syntax error, unexpected ',', expecting ')'
...upload/source/Fx.ProgressBar', 'fancyupload/source/Swiff.Upl...
                              ^
/Users/nico/Rails/s3_uploader_example/app/views/uploads/new.haml:16: syntax error, unexpected ',', expecting ')'
...upload/source/Swiff.Uploader', 'fancyupload/source/FancyUplo...
                              ^
/Users/nico/Rails/s3_uploader_example/app/views/uploads/new.haml:16: syntax error, unexpected ',', expecting ')'
...d/source/FancyUpload3.Attach', 'fancyupload/source/FancyUplo...
                              ^
/Users/nico/Rails/s3_uploader_example/app/views/uploads/new.haml:17: syntax error, unexpected ';', expecting ')'
));}\n    <meta content='text/htm...
   ^
/Users/nico/Rails/s3_uploader_example/app/views/uploads/new.haml:17: syntax error, unexpected tIDENTIFIER, expecting kDO or '{' or '('
));}\n    <meta content='text/html; charset=utf-8' ht...
                       ^
/Users/nico/Rails/s3_uploader_example/app/views/uploads/new.haml:17: syntax error, unexpected tIDENTIFIER, expecting '}'
...text/html; charset=utf-8' http-equiv='Content-Type' />\n  </...
                              ^
/Users/nico/Rails/s3_uploader_example/app/views/uploads/new.haml:17: syntax error, unexpected '>'
...' http-equiv='Content-Type' />\n  </head>\n  <body>\n    #{
                              ^
/Users/nico/Rails/s3_uploader_example/app/views/uploads/new.haml:20: unknown regexp options - bdy
/Users/nico/Rails/s3_uploader_example/app/views/uploads/new.haml:20: syntax error, unexpected $undefined
));}\n  </body>\n</html>\n", -2, false);_erbou...
                ^
/Users/nico/Rails/s3_uploader_example/app/views/uploads/new.haml:20: unterminated string meets end of file
/Users/nico/Rails/s3_uploader_example/app/views/uploads/new.haml:20: syntax error, unexpected tSTRING_END, expecting tSTRING_CONTENT or tREGEXP_END or tSTRING_DBEG or tSTRING_DVAR) on line #16 of app/views/uploads/new.haml:
13:                                'fancyupload/source/FancyUpload3.Attach', |
14:                                'fancyupload/source/FancyUpload3.S3Uploader') |
15: 
16:     %meta{ 'http-equiv' => 'Content-Type', :content => 'text/html; charset=utf-8'}
17: 
18:   %body
19:     = s3_uploader :key => "test", :max_filesize => 5.megabytes

    app/views/uploads/new.haml:20:in `compile!'
    haml (3.0.23) rails/./lib/haml/helpers/action_view_mods.rb:13:in `render'
    haml (3.0.23) rails/./lib/sass/plugin/rack.rb:41:in `call'
    /Users/nico/.rvm/gems/ruby-1.8.7-p302/gems/ruby-debug-ide-0.4.7/lib/ruby-debug.rb:109:in `debug_load'
    /Users/nico/.rvm/gems/ruby-1.8.7-p302/gems/ruby-debug-ide-0.4.7/lib/ruby-debug.rb:109:in `debug_program'
    /Users/nico/.rvm/gems/ruby-1.8.7-p302/gems/ruby-debug-ide-0.4.7/bin/rdebug-ide:87
    /Users/nico/.rvm/gems/ruby-1.8.7-p302/bin/rdebug-ide:19:in `load'
    /Users/nico/.rvm/gems/ruby-1.8.7-p302/bin/rdebug-ide:19

Rendered rescues/_trace (70.2ms)
Rendered rescues/_request_and_response (1.6ms)
Rendering rescues/layout (internal_server_error)


Processing UploadsController#new (for 127.0.0.1 at 2010-11-18 19:37:09) [GET]
Rendering uploads/new
Completed in 12ms (View: 10, DB: 0) | 200 OK [http://localhost/]


Processing UploadsController#new (for 127.0.0.1 at 2010-11-18 19:45:22) [GET]
Rendering uploads/new
Completed in 5ms (View: 3, DB: 0) | 200 OK [http://localhost/]


Processing UploadsController#new (for 127.0.0.1 at 2010-11-18 19:47:25) [GET]
Rendering uploads/new
Completed in 92ms (View: 90, DB: 0) | 200 OK [http://localhost/]


Processing UploadsController#new (for 127.0.0.1 at 2010-11-18 19:55:25) [GET]
Rendering uploads/new
Completed in 6ms (View: 4, DB: 0) | 200 OK [http://localhost/]


Processing UploadsController#new (for 127.0.0.1 at 2010-11-18 19:56:44) [GET]
Rendering uploads/new
Completed in 5ms (View: 3, DB: 0) | 200 OK [http://localhost/]


Processing UploadsController#new (for 127.0.0.1 at 2010-11-18 19:58:21) [GET]
Rendering uploads/new
Completed in 5ms (View: 3, DB: 0) | 200 OK [http://localhost/]


Processing UploadsController#new (for 127.0.0.1 at 2010-11-18 19:58:55) [GET]
Rendering uploads/new
Completed in 6ms (View: 4, DB: 0) | 200 OK [http://localhost/]


Processing UploadsController#new (for 127.0.0.1 at 2010-11-18 19:59:44) [GET]
Rendering uploads/new
Completed in 5ms (View: 3, DB: 0) | 200 OK [http://localhost/]


Processing UploadsController#new (for 127.0.0.1 at 2010-11-18 19:59:57) [GET]
Rendering uploads/new
Completed in 19ms (View: 17, DB: 0) | 200 OK [http://localhost/]


Processing UploadsController#new (for 127.0.0.1 at 2010-11-18 20:00:56) [GET]
Rendering uploads/new
Completed in 80ms (View: 3, DB: 0) | 200 OK [http://localhost/]


Processing UploadsController#new (for 127.0.0.1 at 2010-11-18 20:02:53) [GET]
Rendering uploads/new
Completed in 8ms (View: 4, DB: 0) | 200 OK [http://localhost/]


Processing UploadsController#new (for 127.0.0.1 at 2010-11-18 20:04:32) [GET]
Rendering uploads/new
Completed in 9ms (View: 5, DB: 0) | 200 OK [http://localhost/]


Processing UploadsController#new (for 127.0.0.1 at 2010-11-18 20:05:12) [GET]
Rendering uploads/new
Completed in 5ms (View: 3, DB: 0) | 200 OK [http://localhost/]
